<?xml version="1.0" encoding="UTF-8"?>
<testng-results skipped="0" failed="0" ignored="0" total="1" passed="1">
  <reporter-output>
  </reporter-output>
  <suite name="Default suite" duration-ms="26255" started-at="2017-06-20T18:12:10Z" finished-at="2017-06-20T18:12:36Z">
    <groups>
    </groups>
    <test name="Default test" duration-ms="26255" started-at="2017-06-20T18:12:10Z" finished-at="2017-06-20T18:12:36Z">
      <class name="com.expedia.FlightsBooking.TestNG_TestSuite">
        <test-method status="PASS" signature="beforeMethod()[pri:0, instance:com.expedia.FlightsBooking.TestNG_TestSuite@1ffe63b9]" name="beforeMethod" is-config="true" duration-ms="3279" started-at="2017-06-20T14:12:10Z" finished-at="2017-06-20T14:12:13Z">
          <reporter-output>
          </reporter-output>
        </test-method> <!-- beforeMethod -->
        <test-method status="PASS" signature="fill_basic_info()[pri:0, instance:com.expedia.FlightsBooking.TestNG_TestSuite@1ffe63b9]" name="fill_basic_info" duration-ms="22598" started-at="2017-06-20T14:12:13Z" finished-at="2017-06-20T14:12:36Z">
          <reporter-output>
          </reporter-output>
        </test-method> <!-- fill_basic_info -->
        <test-method status="PASS" signature="afterMethod()[pri:0, instance:com.expedia.FlightsBooking.TestNG_TestSuite@1ffe63b9]" name="afterMethod" is-config="true" duration-ms="362" started-at="2017-06-20T14:12:36Z" finished-at="2017-06-20T14:12:36Z">
          <reporter-output>
          </reporter-output>
        </test-method> <!-- afterMethod -->
      </class> <!-- com.expedia.FlightsBooking.TestNG_TestSuite -->
    </test> <!-- Default test -->
  </suite> <!-- Default suite -->
</testng-results>
